Build started 02/05/2015 23:51:44.
     1>Project "E:\Documents\7Semestre\MonitoriaCG\T2\Bezier_Curves\SCV 5.0 ExampleProject.vcxproj" on node 2 (Build target(s)).
     1>ClCompile:
         C:\Program Files (x86)\Microsoft Visual Studio 12.0\VC\bin\CL.exe /c /IE:\Documents\7Semestre\MonitoriaCG\T2\Bezier_Curves\include /Zi /nologo /W3 /WX- /sdl /O2 /Oi /Oy- /GL /D _MBCS /Gm- /EHsc /MD /GS /Gy /fp:precise /Zc:wchar_t /Zc:forScope /Fo"Release\\" /Fd"Release\vc120.pdb" /Gd /TP /analyze- /errorReport:prompt src\Application.cpp src\BezierCurve.cpp src\Controller.cpp src\main.cpp src\Widget.cpp
         Application.cpp
         BezierCurve.cpp
     1>src\BezierCurve.cpp(3): warning C4067: unexpected tokens following preprocessor directive - expected a newline
         Controller.cpp
         main.cpp
         Widget.cpp
       Link:
         C:\Program Files (x86)\Microsoft Visual Studio 12.0\VC\bin\link.exe /ERRORREPORT:PROMPT /OUT:"E:\Documents\7Semestre\MonitoriaCG\T2\Bezier_Curves\Release\SCV_Bezier_Curves.exe" /NOLOGO /LIBPATH:E:\Documents\7Semestre\MonitoriaCG\T2\Bezier_Curves\lib glu32.lib opengl32.lib scv5.lib kernel32.lib user32.lib gdi32.lib winspool.lib comdlg32.lib advapi32.lib shell32.lib ole32.lib oleaut32.lib uuid.lib odbc32.lib odbccp32.lib /MANIFEST /MANIFESTUAC:"level='asInvoker' uiAccess='false'" /manifest:embed /PDB:"E:\Documents\7Semestre\MonitoriaCG\T2\Bezier_Curves\Release\SCV_Bezier_Curves.pdb" /OPT:REF /OPT:ICF /LTCG /TLBID:1 /DYNAMICBASE /NXCOMPAT /IMPLIB:"E:\Documents\7Semestre\MonitoriaCG\T2\Bezier_Curves\Release\SCV_Bezier_Curves.lib" /MACHINE:X86 /SAFESEH Release\Application.obj
         Release\BezierCurve.obj
         Release\Controller.obj
         Release\main.obj
         Release\Widget.obj
     1>LINK : warning LNK4098: defaultlib 'LIBCMT' conflicts with use of other libs; use /NODEFAULTLIB:library
         Generating code
         Finished generating code
         SCV 5.0 ExampleProject.vcxproj -> E:\Documents\7Semestre\MonitoriaCG\T2\Bezier_Curves\Release\SCV_Bezier_Curves.exe
     1>Done Building Project "E:\Documents\7Semestre\MonitoriaCG\T2\Bezier_Curves\SCV 5.0 ExampleProject.vcxproj" (Build target(s)).

Build succeeded.

Time Elapsed 00:00:04.16
